<?xml version="1.0" encoding="UTF-8"?>
<testng-results skipped="0" failed="0" ignored="0" total="1" passed="1">
  <reporter-output>
  </reporter-output>
  <suite name="Default suite" duration-ms="2229" started-at="2023-03-26T21:52:10Z" finished-at="2023-03-26T21:52:12Z">
    <groups>
    </groups>
    <test name="Default test" duration-ms="2229" started-at="2023-03-26T21:52:10Z" finished-at="2023-03-26T21:52:12Z">
      <class name="RestAssured.RestAssured.ParsingJSONReponseData">
        <test-method status="PASS" signature="testJSONResponse()[pri:1, instance:RestAssured.RestAssured.ParsingJSONReponseData@55f3ddb1]" name="testJSONResponse" duration-ms="2208" started-at="2023-03-27T03:22:10Z" finished-at="2023-03-27T03:22:12Z">
          <reporter-output>
          </reporter-output>
        </test-method> <!-- testJSONResponse -->
      </class> <!-- RestAssured.RestAssured.ParsingJSONReponseData -->
    </test> <!-- Default test -->
  </suite> <!-- Default suite -->
</testng-results>
